{"/home/runner/work/loader-kit/loader-kit/src/index.ts": {"path":"/home/runner/work/loader-kit/loader-kit/src/index.ts","statementMap":{"0":{"start":{"line":1,"column":0},"end":{"line":1,"column":9}},"1":{"start":{"line":2,"column":9},"end":{"line":1,"column":17}},"2":{"start":{"line":2,"column":17},"end":{"line":1,"column":59}}},"fnMap":{"0":{"name":"(anonymous_0)","decl":{"start":{"line":2,"column":9},"end":{"line":2,"column":15}},"loc":{"start":{"line":2,"column":9},"end":{"line":1,"column":17}}},"1":{"name":"(anonymous_1)","decl":{"start":{"line":2,"column":17},"end":{"line":2,"column":29}},"loc":{"start":{"line":2,"column":17},"end":{"line":1,"column":59}}}},"branchMap":{},"s":{"0":1,"1":1,"2":6},"f":{"0":0,"1":5},"b":{}}
,"/home/runner/work/loader-kit/loader-kit/src/components/Loader.ts": {"path":"/home/runner/work/loader-kit/loader-kit/src/components/Loader.ts","statementMap":{"0":{"start":{"line":27,"column":21},"end":{"line":27,"column":23}},"1":{"start":{"line":28,"column":28},"end":{"line":28,"column":29}},"2":{"start":{"line":29,"column":18},"end":{"line":29,"column":19}},"3":{"start":{"line":30,"column":25},"end":{"line":30,"column":26}},"4":{"start":{"line":40,"column":42},"end":{"line":45,"column":6}},"5":{"start":{"line":46,"column":4},"end":{"line":46,"column":34}},"6":{"start":{"line":47,"column":4},"end":{"line":47,"column":52}},"7":{"start":{"line":54,"column":19},"end":{"line":54,"column":48}},"8":{"start":{"line":55,"column":4},"end":{"line":55,"column":35}},"9":{"start":{"line":56,"column":4},"end":{"line":56,"column":77}},"10":{"start":{"line":58,"column":4},"end":{"line":80,"column":5}},"11":{"start":{"line":60,"column":8},"end":{"line":60,"column":47}},"12":{"start":{"line":61,"column":8},"end":{"line":61,"column":54}},"13":{"start":{"line":62,"column":8},"end":{"line":62,"column":55}},"14":{"start":{"line":63,"column":8},"end":{"line":63,"column":14}},"15":{"start":{"line":65,"column":8},"end":{"line":65,"column":48}},"16":{"start":{"line":66,"column":8},"end":{"line":66,"column":106}},"17":{"start":{"line":67,"column":8},"end":{"line":67,"column":14}},"18":{"start":{"line":69,"column":8},"end":{"line":69,"column":44}},"19":{"start":{"line":70,"column":8},"end":{"line":73,"column":9}},"20":{"start":{"line":70,"column":21},"end":{"line":70,"column":22}},"21":{"start":{"line":71,"column":22},"end":{"line":71,"column":52}},"22":{"start":{"line":72,"column":10},"end":{"line":72,"column":34}},"23":{"start":{"line":74,"column":8},"end":{"line":74,"column":14}},"24":{"start":{"line":76,"column":8},"end":{"line":76,"column":47}},"25":{"start":{"line":77,"column":8},"end":{"line":77,"column":54}},"26":{"start":{"line":78,"column":8},"end":{"line":78,"column":55}},"27":{"start":{"line":79,"column":8},"end":{"line":79,"column":14}},"28":{"start":{"line":81,"column":4},"end":{"line":81,"column":18}},"29":{"start":{"line":88,"column":4},"end":{"line":90,"column":5}},"30":{"start":{"line":89,"column":6},"end":{"line":89,"column":61}},"31":{"start":{"line":97,"column":4},"end":{"line":97,"column":32}},"32":{"start":{"line":105,"column":4},"end":{"line":105,"column":52}},"33":{"start":{"line":107,"column":4},"end":{"line":109,"column":5}},"34":{"start":{"line":108,"column":6},"end":{"line":108,"column":77}},"35":{"start":{"line":111,"column":4},"end":{"line":111,"column":16}},"36":{"start":{"line":112,"column":4},"end":{"line":112,"column":52}},"37":{"start":{"line":113,"column":4},"end":{"line":113,"column":17}},"38":{"start":{"line":35,"column":0},"end":{"line":35,"column":13}},"39":{"start":{"line":122,"column":28},"end":{"line":123,"column":22}},"40":{"start":{"line":123,"column":2},"end":{"line":123,"column":22}},"41":{"start":{"line":122,"column":13},"end":{"line":122,"column":28}}},"fnMap":{"0":{"name":"(anonymous_0)","decl":{"start":{"line":39,"column":2},"end":{"line":39,"column":14}},"loc":{"start":{"line":39,"column":36},"end":{"line":48,"column":3}}},"1":{"name":"(anonymous_1)","decl":{"start":{"line":53,"column":10},"end":{"line":53,"column":29}},"loc":{"start":{"line":53,"column":29},"end":{"line":82,"column":3}}},"2":{"name":"(anonymous_2)","decl":{"start":{"line":87,"column":9},"end":{"line":87,"column":14}},"loc":{"start":{"line":87,"column":14},"end":{"line":91,"column":3}}},"3":{"name":"(anonymous_3)","decl":{"start":{"line":96,"column":9},"end":{"line":96,"column":13}},"loc":{"start":{"line":96,"column":13},"end":{"line":98,"column":3}}},"4":{"name":"(anonymous_4)","decl":{"start":{"line":104,"column":9},"end":{"line":104,"column":15}},"loc":{"start":{"line":104,"column":48},"end":{"line":114,"column":3}}},"5":{"name":"(anonymous_5)","decl":{"start":{"line":122,"column":28},"end":{"line":122,"column":29}},"loc":{"start":{"line":123,"column":2},"end":{"line":123,"column":22}}}},"branchMap":{"0":{"loc":{"start":{"line":42,"column":12},"end":{"line":42,"column":40}},"type":"binary-expr","locations":[{"start":{"line":42,"column":12},"end":{"line":42,"column":24}},{"start":{"line":42,"column":28},"end":{"line":42,"column":40}}]},"1":{"loc":{"start":{"line":43,"column":13},"end":{"line":43,"column":36}},"type":"binary-expr","locations":[{"start":{"line":43,"column":13},"end":{"line":43,"column":26}},{"start":{"line":43,"column":30},"end":{"line":43,"column":36}}]},"2":{"loc":{"start":{"line":44,"column":17},"end":{"line":44,"column":51}},"type":"binary-expr","locations":[{"start":{"line":44,"column":17},"end":{"line":44,"column":34}},{"start":{"line":44,"column":38},"end":{"line":44,"column":51}}]},"3":{"loc":{"start":{"line":58,"column":4},"end":{"line":80,"column":5}},"type":"switch","locations":[{"start":{"line":59,"column":6},"end":{"line":63,"column":14}},{"start":{"line":64,"column":6},"end":{"line":67,"column":14}},{"start":{"line":68,"column":6},"end":{"line":74,"column":14}},{"start":{"line":75,"column":6},"end":{"line":79,"column":14}}]},"4":{"loc":{"start":{"line":88,"column":4},"end":{"line":90,"column":5}},"type":"if","locations":[{"start":{"line":88,"column":4},"end":{"line":90,"column":5}}]},"5":{"loc":{"start":{"line":88,"column":8},"end":{"line":88,"column":77}},"type":"binary-expr","locations":[{"start":{"line":88,"column":8},"end":{"line":88,"column":30}},{"start":{"line":88,"column":34},"end":{"line":88,"column":77}}]},"6":{"loc":{"start":{"line":107,"column":4},"end":{"line":109,"column":5}},"type":"if","locations":[{"start":{"line":107,"column":4},"end":{"line":109,"column":5}}]}},"s":{"0":1,"1":1,"2":1,"3":1,"4":5,"5":5,"6":5,"7":6,"8":6,"9":6,"10":6,"11":4,"12":4,"13":4,"14":4,"15":1,"16":1,"17":1,"18":1,"19":1,"20":1,"21":3,"22":3,"23":1,"24":0,"25":0,"26":0,"27":0,"28":6,"29":6,"30":6,"31":2,"32":1,"33":1,"34":1,"35":1,"36":1,"37":1,"38":1,"39":1,"40":5,"41":1},"f":{"0":5,"1":6,"2":6,"3":2,"4":1,"5":5},"b":{"0":[5,2],"1":[5,2],"2":[5,0],"3":[4,1,1,0],"4":[6],"5":[6,6],"6":[1]}}
}
