TN:
SF:src/index.ts
FN:2,(anonymous_0)
FN:2,(anonymous_1)
FNF:2
FNH:1
FNDA:0,(anonymous_0)
FNDA:5,(anonymous_1)
DA:1,1
DA:2,6
LF:2
LH:2
BRF:0
BRH:0
end_of_record
TN:
SF:src/components/Loader.ts
FN:39,(anonymous_0)
FN:53,(anonymous_1)
FN:87,(anonymous_2)
FN:96,(anonymous_3)
FN:104,(anonymous_4)
FN:122,(anonymous_5)
FNF:6
FNH:6
FNDA:5,(anonymous_0)
FNDA:6,(anonymous_1)
FNDA:6,(anonymous_2)
FNDA:2,(anonymous_3)
FNDA:1,(anonymous_4)
FNDA:5,(anonymous_5)
DA:27,1
DA:28,1
DA:29,1
DA:30,1
DA:35,1
DA:40,5
DA:46,5
DA:47,5
DA:54,6
DA:55,6
DA:56,6
DA:58,6
DA:60,4
DA:61,4
DA:62,4
DA:63,4
DA:65,1
DA:66,1
DA:67,1
DA:69,1
DA:70,1
DA:71,3
DA:72,3
DA:74,1
DA:76,0
DA:77,0
DA:78,0
DA:79,0
DA:81,6
DA:88,6
DA:89,6
DA:97,2
DA:105,1
DA:107,1
DA:108,1
DA:111,1
DA:112,1
DA:113,1
DA:122,1
DA:123,5
LF:40
LH:36
BRDA:42,0,0,5
BRDA:42,0,1,2
BRDA:43,1,0,5
BRDA:43,1,1,2
BRDA:44,2,0,5
BRDA:44,2,1,0
BRDA:58,3,0,4
BRDA:58,3,1,1
BRDA:58,3,2,1
BRDA:58,3,3,0
BRDA:88,4,0,6
BRDA:88,5,0,6
BRDA:88,5,1,6
BRDA:107,6,0,1
BRF:14
BRH:12
end_of_record
