TN:
SF:src/index.ts
FN:3,(anonymous_0)
FN:3,(anonymous_1)
FN:2,(anonymous_2)
FN:2,(anonymous_3)
FN:2,(anonymous_4)
FNF:5
FNH:2
FNDA:0,(anonymous_0)
FNDA:5,(anonymous_1)
FNDA:1,(anonymous_2)
FNDA:0,(anonymous_3)
FNDA:0,(anonymous_4)
DA:1,1
DA:2,2
DA:3,6
LF:3
LH:3
BRF:0
BRH:0
end_of_record
TN:
SF:src/components/Loader.ts
FN:20,injectLoaderStyles
FN:33,(anonymous_1)
FN:49,(anonymous_2)
FN:106,(anonymous_3)
FN:135,(anonymous_4)
FN:148,(anonymous_5)
FN:159,(anonymous_6)
FN:165,(anonymous_7)
FN:171,(anonymous_8)
FN:175,(anonymous_9)
FN:188,(anonymous_10)
FNF:11
FNH:7
FNDA:6,injectLoaderStyles
FNDA:6,(anonymous_1)
FNDA:7,(anonymous_2)
FNDA:0,(anonymous_3)
FNDA:0,(anonymous_4)
FNDA:0,(anonymous_5)
FNDA:0,(anonymous_6)
FNDA:7,(anonymous_7)
FNDA:2,(anonymous_8)
FNDA:1,(anonymous_9)
FNDA:6,(anonymous_10)
DA:2,1
DA:14,1
DA:15,1
DA:16,1
DA:17,1
DA:18,1
DA:21,6
DA:22,1
DA:23,1
DA:24,1
DA:25,1
DA:28,1
DA:34,6
DA:36,6
DA:45,6
DA:46,6
DA:50,7
DA:51,7
DA:52,7
DA:54,7
DA:55,1
DA:56,1
DA:61,1
DA:62,1
DA:63,1
DA:65,1
DA:68,7
DA:69,0
DA:72,7
DA:74,5
DA:75,5
DA:76,5
DA:77,5
DA:79,1
DA:80,1
DA:84,1
DA:86,1
DA:87,1
DA:88,3
DA:89,3
DA:91,1
DA:94,7
DA:95,1
DA:96,1
DA:97,1
DA:98,1
DA:99,1
DA:100,1
DA:101,1
DA:102,1
DA:105,1
DA:106,0
DA:107,0
DA:108,0
DA:113,1
DA:114,1
DA:117,6
DA:118,0
DA:119,0
DA:120,0
DA:121,0
DA:122,0
DA:123,0
DA:124,0
DA:125,0
DA:126,0
DA:127,0
DA:128,0
DA:130,0
DA:131,0
DA:134,0
DA:135,0
DA:136,0
DA:137,0
DA:142,0
DA:143,0
DA:147,6
DA:148,0
DA:149,0
DA:150,0
DA:155,6
DA:160,0
DA:161,0
DA:166,7
DA:167,7
DA:172,2
DA:176,1
DA:178,1
DA:179,1
DA:182,1
DA:183,1
DA:184,1
DA:188,1
DA:189,6
LF:94
LH:66
BRDA:21,0,0,5
BRDA:38,1,0,6
BRDA:38,1,1,2
BRDA:39,2,0,6
BRDA:39,2,1,2
BRDA:40,3,0,6
BRDA:40,3,1,0
BRDA:41,4,0,6
BRDA:41,4,1,5
BRDA:54,5,0,1
BRDA:68,6,0,0
BRDA:72,7,0,5
BRDA:72,7,1,1
BRDA:72,7,2,1
BRDA:94,8,0,1
BRDA:105,9,0,0
BRDA:107,10,0,0
BRDA:107,11,0,0
BRDA:107,11,1,0
BRDA:117,12,0,0
BRDA:130,13,0,0
BRDA:134,14,0,0
BRDA:136,15,0,0
BRDA:136,16,0,0
BRDA:136,16,1,0
BRDA:147,17,0,0
BRDA:149,18,0,0
BRDA:149,19,0,0
BRDA:149,19,1,0
BRDA:160,20,0,0
BRDA:166,21,0,7
BRDA:166,22,0,7
BRDA:166,22,1,7
BRDA:178,23,0,1
BRF:34
BRH:17
end_of_record
TN:
SF:src/styles/loader.inline.css.ts
FNF:0
FNH:0
DA:1,1
LF:1
LH:1
BRF:0
BRH:0
end_of_record
TN:
SF:src/utils/loaderHelpers.ts
FN:24,(anonymous_0)
FN:35,(anonymous_1)
FN:42,(anonymous_2)
FN:64,(anonymous_3)
FN:67,(anonymous_4)
FN:69,(anonymous_5)
FN:74,(anonymous_6)
FN:84,(anonymous_7)
FNF:8
FNH:1
FNDA:1,(anonymous_0)
FNDA:0,(anonymous_1)
FNDA:0,(anonymous_2)
FNDA:0,(anonymous_3)
FNDA:0,(anonymous_4)
FNDA:0,(anonymous_5)
FNDA:0,(anonymous_6)
FNDA:0,(anonymous_7)
DA:2,1
DA:5,1
DA:6,1
DA:7,1
DA:10,1
DA:11,1
DA:12,1
DA:13,1
DA:14,1
DA:23,1
DA:25,1
DA:33,1
DA:36,0
DA:37,0
DA:41,1
DA:44,0
DA:48,0
DA:50,0
DA:62,0
DA:65,0
DA:68,0
DA:69,0
DA:73,1
DA:75,0
DA:82,0
DA:85,0
DA:86,0
LF:27
LH:14
BRDA:24,0,0,0
BRDA:24,1,0,1
BRDA:27,2,0,1
BRDA:27,2,1,1
BRDA:28,3,0,1
BRDA:28,3,1,1
BRDA:29,4,0,1
BRDA:29,4,1,1
BRDA:42,5,0,0
BRDA:44,6,0,0
BRDA:44,6,1,0
BRDA:48,7,0,0
BRDA:48,8,0,0
BRDA:48,8,1,0
BRDA:52,9,0,0
BRDA:52,9,1,0
BRDA:53,10,0,0
BRDA:53,10,1,0
BRDA:55,11,0,0
BRDA:55,11,1,0
BRDA:58,12,0,0
BRDA:58,12,1,0
BRDA:74,13,0,0
BRDA:74,14,0,0
BRDA:77,15,0,0
BRDA:77,15,1,0
BRDA:78,16,0,0
BRDA:78,16,1,0
BRF:28
BRH:7
end_of_record
